Determining if the pthread_create exist failed with the following output:
Change Dir: /home/raring/catkin_ws/src/simple_navigation2/trunk/move_base_simple/build/CMakeFiles/CMakeTmp

Run Build Command:/usr/bin/make "cmTryCompileExec2846982351/fast"
make[1]: Entering directory `/home/raring/catkin_ws/src/simple_navigation2/trunk/move_base_simple/build/CMakeFiles/CMakeTmp'
/usr/bin/make -f CMakeFiles/cmTryCompileExec2846982351.dir/build.make CMakeFiles/cmTryCompileExec2846982351.dir/build
make[2]: Entering directory `/home/raring/catkin_ws/src/simple_navigation2/trunk/move_base_simple/build/CMakeFiles/CMakeTmp'
/usr/bin/cmake -E cmake_progress_report /home/raring/catkin_ws/src/simple_navigation2/trunk/move_base_simple/build/CMakeFiles/CMakeTmp/CMakeFiles 1
Building C object CMakeFiles/cmTryCompileExec2846982351.dir/CheckSymbolExists.c.o
/usr/bin/cc    -o CMakeFiles/cmTryCompileExec2846982351.dir/CheckSymbolExists.c.o   -c /home/raring/catkin_ws/src/simple_navigation2/trunk/move_base_simple/build/CMakeFiles/CMakeTmp/CheckSymbolExists.c
Linking C executable cmTryCompileExec2846982351
/usr/bin/cmake -E cmake_link_script CMakeFiles/cmTryCompileExec2846982351.dir/link.txt --verbose=1
/usr/bin/cc         CMakeFiles/cmTryCompileExec2846982351.dir/CheckSymbolExists.c.o  -o cmTryCompileExec2846982351 -rdynamic 
CMakeFiles/cmTryCompileExec2846982351.dir/CheckSymbolExists.c.o: In function `main':
CheckSymbolExists.c:(.text+0x16): undefined reference to `pthread_create'
collect2: error: ld returned 1 exit status
make[2]: *** [cmTryCompileExec2846982351] Error 1
make[2]: Leaving directory `/home/raring/catkin_ws/src/simple_navigation2/trunk/move_base_simple/build/CMakeFiles/CMakeTmp'
make[1]: *** [cmTryCompileExec2846982351/fast] Error 2
make[1]: Leaving directory `/home/raring/catkin_ws/src/simple_navigation2/trunk/move_base_simple/build/CMakeFiles/CMakeTmp'

File /home/raring/catkin_ws/src/simple_navigation2/trunk/move_base_simple/build/CMakeFiles/CMakeTmp/CheckSymbolExists.c:
/* */
#include <pthread.h>

int main(int argc, char** argv)
{
  (void)argv;
#ifndef pthread_create
  return ((int*)(&pthread_create))[argc];
#else
  (void)argc;
  return 0;
#endif
}

Determining if the function pthread_create exists in the pthreads failed with the following output:
Change Dir: /home/raring/catkin_ws/src/simple_navigation2/trunk/move_base_simple/build/CMakeFiles/CMakeTmp

Run Build Command:/usr/bin/make "cmTryCompileExec3727043785/fast"
make[1]: Entering directory `/home/raring/catkin_ws/src/simple_navigation2/trunk/move_base_simple/build/CMakeFiles/CMakeTmp'
/usr/bin/make -f CMakeFiles/cmTryCompileExec3727043785.dir/build.make CMakeFiles/cmTryCompileExec3727043785.dir/build
make[2]: Entering directory `/home/raring/catkin_ws/src/simple_navigation2/trunk/move_base_simple/build/CMakeFiles/CMakeTmp'
/usr/bin/cmake -E cmake_progress_report /home/raring/catkin_ws/src/simple_navigation2/trunk/move_base_simple/build/CMakeFiles/CMakeTmp/CMakeFiles 1
Building C object CMakeFiles/cmTryCompileExec3727043785.dir/CheckFunctionExists.c.o
/usr/bin/cc   -DCHECK_FUNCTION_EXISTS=pthread_create   -o CMakeFiles/cmTryCompileExec3727043785.dir/CheckFunctionExists.c.o   -c /usr/share/cmake-2.8/Modules/CheckFunctionExists.c
Linking C executable cmTryCompileExec3727043785
/usr/bin/cmake -E cmake_link_script CMakeFiles/cmTryCompileExec3727043785.dir/link.txt --verbose=1
/usr/bin/cc     -DCHECK_FUNCTION_EXISTS=pthread_create    CMakeFiles/cmTryCompileExec3727043785.dir/CheckFunctionExists.c.o  -o cmTryCompileExec3727043785 -rdynamic -lpthreads 
/usr/bin/ld: cannot find -lpthreads
collect2: error: ld returned 1 exit status
make[2]: *** [cmTryCompileExec3727043785] Error 1
make[2]: Leaving directory `/home/raring/catkin_ws/src/simple_navigation2/trunk/move_base_simple/build/CMakeFiles/CMakeTmp'
make[1]: *** [cmTryCompileExec3727043785/fast] Error 2
make[1]: Leaving directory `/home/raring/catkin_ws/src/simple_navigation2/trunk/move_base_simple/build/CMakeFiles/CMakeTmp'


